proguard/seeds.txt
com.paperairplane.music.share.Main
com.paperairplane.music.share.Main: Main()
com.paperairplane.music.share.Main: void btn_empty(android.view.View)
com.paperairplane.music.share.MusicPlayerService
com.paperairplane.music.share.MusicPlayerService: MusicPlayerService()
com.paperairplane.music.share.R$drawable: int empty
com.paperairplane.music.share.R$drawable: int ic_action_search
com.paperairplane.music.share.R$drawable: int ic_launcher
com.paperairplane.music.share.R$id: int about
com.paperairplane.music.share.R$id: int button_about
com.paperairplane.music.share.R$id: int button_contact
com.paperairplane.music.share.R$id: int button_player_pause
com.paperairplane.music.share.R$id: int button_player_return
com.paperairplane.music.share.R$id: int cb_follow
com.paperairplane.music.share.R$id: int empty
com.paperairplane.music.share.R$id: int et_content
com.paperairplane.music.share.R$id: int list
com.paperairplane.music.share.R$id: int menu_about
com.paperairplane.music.share.R$id: int menu_exit
com.paperairplane.music.share.R$id: int menu_refresh
com.paperairplane.music.share.R$id: int menu_unauth
com.paperairplane.music.share.R$id: int musicname
com.paperairplane.music.share.R$id: int singer
com.paperairplane.music.share.R$id: int textView1
com.paperairplane.music.share.R$id: int text_player_singer
com.paperairplane.music.share.R$id: int text_player_title
com.paperairplane.music.share.R$id: int viewempty
com.paperairplane.music.share.R$layout: int about
com.paperairplane.music.share.R$layout: int empty
com.paperairplane.music.share.R$layout: int main
com.paperairplane.music.share.R$layout: int musiclist_item
com.paperairplane.music.share.R$layout: int player
com.paperairplane.music.share.R$layout: int sendweibo
com.paperairplane.music.share.R$menu: int main
com.paperairplane.music.share.R$string: int about_contact
com.paperairplane.music.share.R$string: int about_context
com.paperairplane.music.share.R$string: int about_download_info
com.paperairplane.music.share.R$string: int app_name
com.paperairplane.music.share.R$string: int auth_error
com.paperairplane.music.share.R$string: int auth_succeed
com.paperairplane.music.share.R$string: int choose_an_operation
com.paperairplane.music.share.R$string: int empty
com.paperairplane.music.share.R$string: int error_internet
com.paperairplane.music.share.R$string: int followauthor
com.paperairplane.music.share.R$string: int how_to_share
com.paperairplane.music.share.R$string: int menu_about
com.paperairplane.music.share.R$string: int menu_exit
com.paperairplane.music.share.R$string: int menu_refresh
com.paperairplane.music.share.R$string: int music_album
com.paperairplane.music.share.R$string: int music_artist
com.paperairplane.music.share.R$string: int music_title
com.paperairplane.music.share.R$string: int music_url
com.paperairplane.music.share.R$string: int no_music_url_found
com.paperairplane.music.share.R$string: int not_authorized_error
com.paperairplane.music.share.R$string: int play
com.paperairplane.music.share.R$string: int querying
com.paperairplane.music.share.R$string: int refresh_on_process
com.paperairplane.music.share.R$string: int refresh_success
com.paperairplane.music.share.R$string: int send_error
com.paperairplane.music.share.R$string: int send_succeed
com.paperairplane.music.share.R$style: int AppTheme
com.paperairplane.music.share.Receiver
com.paperairplane.music.share.Receiver: Receiver()
...
android.support.v4.view.ViewPager: void setScrollState(int)
android.support.v4.view.ViewPager: void setAdapter(android.support.v4.view.PagerAdapter)
android.support.v4.view.ViewPager: android.support.v4.view.PagerAdapter getAdapter()
android.support.v4.view.ViewPager: void setOnAdapterChangeListener(android.support.v4.view.ViewPager$OnAdapterChangeListener)
android.support.v4.view.ViewPager: void setCurrentItem(int)
android.support.v4.view.ViewPager: int getCurrentItem()
android.support.v4.view.ViewPager: void setOnPageChangeListener(android.support.v4.view.ViewPager$OnPageChangeListener)
android.support.v4.view.ViewPager: int getOffscreenPageLimit()
android.support.v4.view.ViewPager: void setOffscreenPageLimit(int)
android.support.v4.view.ViewPager: void setPageMargin(int)
android.support.v4.view.ViewPager: int getPageMargin()
android.support.v4.view.ViewPager: void setPageMarginDrawable(android.graphics.drawable.Drawable)
android.support.v4.view.ViewPager: void setPageMarginDrawable(int)
android.support.v4.view.ViewPager: void setScrollingCacheEnabled(boolean)
android.support.v4.view.ViewPager$SavedState
android.support.v4.view.ViewPager$SavedState: android.os.Parcelable$Creator CREATOR
cn.jpush.android.a
cn.jpush.android.a: java.util.concurrent.atomic.AtomicBoolean i
cn.jpush.android.a: int a
cn.jpush.android.a: java.lang.String b
cn.jpush.android.a: java.lang.String c
cn.jpush.android.a: android.content.Context d
cn.jpush.android.a: java.lang.String e
cn.jpush.android.a: java.lang.String f
cn.jpush.android.a: int g
cn.jpush.android.a: java.lang.String h
cn.jpush.android.a: java.lang.String[] z
cn.jpush.android.a: boolean a(android.content.Context)
cn.jpush.android.a: android.content.pm.ApplicationInfo b(android.content.Context)
cn.jpush.android.a: void <clinit>()
cn.jpush.android.a.a
cn.jpush.android.a.a: org.json.JSONObject a
cn.jpush.android.a.a: a()
cn.jpush.android.a.a: boolean a(android.content.Context,org.json.JSONObject)
cn.jpush.android.a.a: void a(android.content.Context)
cn.jpush.android.a.aa
cn.jpush.android.a.aa: int a
cn.jpush.android.a.aa: java.lang.String R
cn.jpush.android.a.aa: java.lang.String S
cn.jpush.android.a.aa: java.lang.String T
cn.jpush.android.a.aa: java.lang.String U
cn.jpush.android.a.aa: java.lang.String V
cn.jpush.android.a.aa: java.lang.String[] W
cn.jpush.android.a.aa: aa()
cn.jpush.android.a.aa: boolean a(android.content.Context,org.json.JSONObject)
cn.jpush.android.a.aa: void a(android.content.Context)
cn.jpush.android.a.aa: void <clinit>()
cn.jpush.android.a.b
cn.jpush.android.a.b: java.lang.String[] a
cn.jpush.android.a.b: java.lang.String[] b
cn.jpush.android.a.b: cn.jpush.android.a.b c
cn.jpush.android.a.b: java.lang.String[] z
cn.jpush.android.a.b: b(android.content.Context)
cn.jpush.android.a.b: void onCreate(android.database.sqlite.SQLiteDatabase)
cn.jpush.android.a.b: void onUpgrade(android.database.sqlite.SQLiteDatabase,int,int)
cn.jpush.android.a.b: cn.jpush.android.a.b a(android.content.Context)
cn.jpush.android.a.b: void a(android.content.Context,java.lang.String,java.lang.String,java.lang.String)
cn.jpush.android.a.b: java.lang.String a(android.content.Context,java.lang.String)
cn.jpush.android.a.b: void <clinit>()