proguard/mapping.txt
com.paperairplane.music.share.Main -> com.paperairplane.music.share.Main:
    com.paperairplane.music.share.MusicData[] musics -> c
    android.widget.ListView listview -> d
    android.content.Intent musicIntent -> e
    java.lang.String[] media_info -> f
    int PLAY -> g
    int PAUSE -> h
    int STOP -> i
    int nowPlaying -> j
    int INTERNET_ERROR -> k
    int SEND_WEIBO -> l
    int SEND_SUCCEED -> m
    int AUTH_ERROR -> n
    int SEND_ERROR -> o
    int NOT_AUTHORIZED_ERROR -> p
    int AUTH_SUCCEED -> q
    int WEIBO -> r
    int OTHERS -> s
    int HARRY_UID -> t
    int XAVIER_UID -> u
    int APP_UID -> v
    int MUSIC -> w
    int ARTWORK -> x
    boolean isPlaying -> y
    java.lang.String APP_KEY -> z
    java.lang.String REDIRECT_URI -> A
    com.weibo.sdk.android.Oauth2AccessToken accessToken -> a
    com.weibo.sdk.android.Weibo weibo -> B
    java.lang.String ARTWORK_PATH -> C
    com.weibo.sdk.android.api.StatusesAPI api -> D
    android.os.Handler handler -> b
    com.weibo.sdk.android.net.RequestListener requestListener -> E
    void onCreate(android.os.Bundle) -> onCreate
    void btn_empty(android.view.View) -> btn_empty
    boolean onCreateOptionsMenu(android.view.Menu) -> onCreateOptionsMenu
    boolean onOptionsItemSelected(android.view.MenuItem) -> onOptionsItemSelected
    android.app.Dialog onCreateDialog(int) -> onCreateDialog
    void showMusicList() -> b
    void refreshMusicList() -> c
    void follow(int) -> a
com.paperairplane.music.share.Main$1 -> com.paperairplane.music.share.a:
    com.paperairplane.music.share.Main this$0 -> a
    void handleMessage(android.os.Message) -> handleMessage
    com.paperairplane.music.share.Main access$0(com.paperairplane.music.share.Main$1) -> a
com.paperairplane.music.share.Main$1$1 -> com.paperairplane.music.share.b:
    com.paperairplane.music.share.Main$1 this$1 -> a
    android.widget.EditText val$et -> b
    java.lang.String val$fileDir -> c
    android.widget.CheckBox val$cb -> d
    void onClick(android.content.DialogInterface,int) -> onClick
com.paperairplane.music.share.Main$1$1$1 -> com.paperairplane.music.share.c:
    com.paperairplane.music.share.Main$1$1 this$2 -> a
    void onClick(android.content.DialogInterface,int) -> onClick
com.paperairplane.music.share.Main$10 -> com.paperairplane.music.share.d:
    com.paperairplane.music.share.Main this$0 -> a
    void onComplete$552c4e01() -> a
    void onError(com.weibo.sdk.android.WeiboException) -> a
com.paperairplane.music.share.Main$2 -> com.paperairplane.music.share.e:
    android.os.Message m -> a
    com.paperairplane.music.share.Main this$0 -> b
    void onComplete$552c4e01() -> a
    void onError(com.weibo.sdk.android.WeiboException) -> a
com.paperairplane.music.share.Main$3 -> com.paperairplane.music.share.f:
    com.paperairplane.music.share.Main this$0 -> a
    void onClick(android.view.View) -> onClick
com.paperairplane.music.share.Main$4 -> com.paperairplane.music.share.g:
    com.paperairplane.music.share.Main this$0 -> a
    void onClick(android.view.View) -> onClick
com.paperairplane.music.share.Main$5 -> com.paperairplane.music.share.h:
    com.paperairplane.music.share.Main this$0 -> a
    int val$_id -> b
    void onClick(android.content.DialogInterface,int) -> onClick
com.paperairplane.music.share.Main$6 -> com.paperairplane.music.share.i:
    com.paperairplane.music.share.Main this$0 -> a
    int val$_id -> b
    void onClick(android.content.DialogInterface,int) -> onClick
com.paperairplane.music.share.Main$7 -> com.paperairplane.music.share.j:
    com.paperairplane.music.share.Main this$0 -> a
    int val$_id -> b
    void onClick(android.content.DialogInterface,int) -> onClick
com.paperairplane.music.share.Main$8 -> com.paperairplane.music.share.k:
    com.paperairplane.music.share.Main this$0 -> a
    android.widget.Button val$btnPP -> b
    void onClick(android.view.View) -> onClick
...
cn.jpush.android.ui.w -> cn.jpush.android.ui.w:
    cn.jpush.android.ui.u a -> a
    void onClick(android.content.DialogInterface,int) -> onClick
cn.jpush.android.ui.x -> cn.jpush.android.ui.x:
    java.util.List a -> a
    cn.jpush.android.ui.PushActivity b -> b
    void onItemClick(android.widget.AdapterView,android.view.View,int,long) -> onItemClick
cn.jpush.android.ui.y -> cn.jpush.android.ui.y:
    cn.jpush.android.a.c a -> a
    cn.jpush.android.ui.PushActivity b -> b
    void onClick(android.content.DialogInterface,int) -> onClick
cn.jpush.android.ui.z -> cn.jpush.android.ui.z:
    cn.jpush.android.ui.PushActivity a -> a
    void onClick(android.content.DialogInterface,int) -> onClick
com.weibo.sdk.android.Oauth2AccessToken -> com.a.a.a.a:
    java.lang.String mAccessToken -> a
    java.lang.String mRefreshToken -> b
    long mExpiresTime -> c
    boolean isSessionValid() -> a
com.weibo.sdk.android.R -> com.a.a.a.b:
com.weibo.sdk.android.R$dimen -> com.a.a.a.c:
    int weibosdk_dialog_bottom_margin -> weibosdk_dialog_bottom_margin
    int weibosdk_dialog_left_margin -> weibosdk_dialog_left_margin
    int weibosdk_dialog_right_margin -> weibosdk_dialog_right_margin
    int weibosdk_dialog_top_margin -> weibosdk_dialog_top_margin
com.weibo.sdk.android.R$drawable -> com.a.a.a.d:
    int weibosdk_dialog_bg -> weibosdk_dialog_bg
com.weibo.sdk.android.Weibo -> com.a.a.a.e:
    java.lang.String URL_OAUTH2_ACCESS_AUTHORIZE -> a
    com.weibo.sdk.android.Weibo mWeiboInstance -> f
    java.lang.String app_key -> b
    java.lang.String redirecturl -> c
    com.weibo.sdk.android.Oauth2AccessToken accessToken -> d
    boolean isWifi -> e
    com.weibo.sdk.android.Weibo getInstance(java.lang.String,java.lang.String) -> a
    void authorize(android.content.Context,com.weibo.sdk.android.WeiboAuthListener) -> a
com.weibo.sdk.android.Weibo$1 -> com.a.a.a.f:
    com.weibo.sdk.android.Weibo this$0 -> a
    com.weibo.sdk.android.WeiboAuthListener val$listener -> b
    void onComplete(android.os.Bundle) -> a
    void onError(com.weibo.sdk.android.WeiboDialogError) -> a
    void onWeiboException(com.weibo.sdk.android.WeiboException) -> a
    void onCancel() -> a
com.weibo.sdk.android.WeiboAuthListener -> com.a.a.a.g:
    void onComplete(android.os.Bundle) -> a
    void onWeiboException(com.weibo.sdk.android.WeiboException) -> a
    void onError(com.weibo.sdk.android.WeiboDialogError) -> a
    void onCancel() -> a
com.weibo.sdk.android.WeiboDialog -> com.a.a.a.h:
    android.widget.FrameLayout$LayoutParams FILL -> a
    java.lang.String mUrl -> b
    com.weibo.sdk.android.WeiboAuthListener mListener -> c
    android.app.ProgressDialog mSpinner -> d
    android.webkit.WebView mWebView -> e
    android.widget.RelativeLayout webViewContainer -> f
    android.widget.RelativeLayout mContent -> g
    int theme -> h
    int left_margin -> i
    int top_margin -> j
    int right_margin -> k
    int bottom_margin -> l
    void onCreate(android.os.Bundle) -> onCreate
    void onBack() -> a
    boolean parseDimens() -> b
    com.weibo.sdk.android.WeiboAuthListener access$0(com.weibo.sdk.android.WeiboDialog) -> a
    void access$1$4ff9aead(com.weibo.sdk.android.WeiboDialog,java.lang.String) -> a
    android.app.ProgressDialog access$2(com.weibo.sdk.android.WeiboDialog) -> b
    android.webkit.WebView access$3(com.weibo.sdk.android.WeiboDialog) -> c
com.weibo.sdk.android.WeiboDialog$1 -> com.a.a.a.i:
    com.weibo.sdk.android.WeiboDialog this$0 -> a
    boolean onKey(android.content.DialogInterface,int,android.view.KeyEvent) -> onKey